<?xml version="1.0" encoding="UTF-8"?>
<testsuite name="SomeTest" tests="1" skipped="0" failures="0" errors="0" timestamp="2020-08-12T11:09:36" hostname="MacBook-Pro-Swiatoslav.local" time="0.015">
  <properties/>
  <testcase name="doSomething" classname="SomeTest" time="0.015"/>
  <system-out><![CDATA[Before
After
]]></system-out>
  <system-err><![CDATA[Aug 12, 2020 2:09:36 PM BaseTest before
INFO: Before Method
Aug 12, 2020 2:09:36 PM SomeTest doSomething
INFO: beforeDoSomethingAssert
Aug 12, 2020 2:09:36 PM BaseTest after
INFO: After Method
]]></system-err>
</testsuite>
