<?xml version="1.0" encoding="UTF-8"?>
<testsuite name="SomeTest" tests="1" skipped="0" failures="0" errors="0" timestamp="2020-08-11T11:00:27" hostname="MacBook-Pro-Swiatoslav.local" time="0.006">
  <properties/>
  <testcase name="doSomething" classname="SomeTest" time="0.006"/>
  <system-out><![CDATA[Before
After
]]></system-out>
  <system-err><![CDATA[Aug 11, 2020 2:00:27 PM BaseTest before
INFO: Before Method
Aug 11, 2020 2:00:27 PM SomeTest doSomething
INFO: beforeDoSomethingAssert
Aug 11, 2020 2:00:27 PM BaseTest after
INFO: After Method
]]></system-err>
</testsuite>
