<?xml version="1.0" encoding="UTF-8"?>
<testsuite name="RETests.Test1" tests="1" skipped="0" failures="0" errors="0" timestamp="2020-08-11T10:33:52" hostname="MacBook-Pro-Swiatoslav.local" time="0.197">
  <properties/>
  <testcase name="someTest" classname="RETests.Test1" time="0.197"/>
  <system-out><![CDATA[]]></system-out>
  <system-err><![CDATA[]]></system-err>
</testsuite>
