<?xml version="1.0" encoding="UTF-8"?>
<testsuite name="RETests.Test1" tests="1" skipped="0" failures="0" errors="0" timestamp="2020-08-10T12:13:19" hostname="MacBook-Pro-Swiatoslav.local" time="0.01">
  <properties/>
  <testcase name="someTest" classname="RETests.Test1" time="0.01"/>
  <system-out><![CDATA[aloooo
]]></system-out>
  <system-err><![CDATA[]]></system-err>
</testsuite>
