<?xml version="1.0" encoding="UTF-8"?>
<testsuite name="SomeTest" tests="1" skipped="0" failures="0" errors="0" timestamp="2020-08-10T15:01:23" hostname="MacBook-Pro-Swiatoslav.local" time="0.004">
  <properties/>
  <testcase name="doSomething" classname="SomeTest" time="0.004"/>
  <system-out><![CDATA[bAssert
someTExt
aAssert
]]></system-out>
  <system-err><![CDATA[Aug 10, 2020 6:01:23 PM SomeTest doSomething
INFO: beforeDoSomethingAssert
Aug 10, 2020 6:01:23 PM SomeTest doSomething
INFO: afterDoSomethingAssert
]]></system-err>
</testsuite>
